<?xml version="1.0" encoding="UTF-8"?>
<testng-results ignored="0" total="1" passed="1" failed="0" skipped="0">
  <reporter-output>
  </reporter-output>
  <suite started-at="2024-03-06T12:49:00 EET" name="Default suite" finished-at="2024-03-06T12:49:01 EET" duration-ms="900">
    <groups>
    </groups>
    <test started-at="2024-03-06T12:49:00 EET" name="Default test" finished-at="2024-03-06T12:49:01 EET" duration-ms="900">
      <class name="MyJavaClass">
        <test-method is-config="true" signature="myBeforeTest()[pri:0, instance:MyJavaClass@1d470d0]" started-at="2024-03-06T12:49:00 EET" name="myBeforeTest" finished-at="2024-03-06T12:49:01 EET" duration-ms="867" status="PASS">
          <reporter-output>
          </reporter-output>
        </test-method> <!-- myBeforeTest -->
        <test-method signature="myTest()[pri:0, instance:MyJavaClass@1d470d0]" started-at="2024-03-06T12:49:01 EET" name="myTest" finished-at="2024-03-06T12:49:01 EET" duration-ms="5" status="PASS">
          <reporter-output>
          </reporter-output>
        </test-method> <!-- myTest -->
      </class> <!-- MyJavaClass -->
    </test> <!-- Default test -->
  </suite> <!-- Default suite -->
</testng-results>
